{"D:\\canchaya-workspace\\canchaya-backend\\src\\app.ts": {"path":"D:\\canchaya-workspace\\canchaya-backend\\src\\app.ts","statementMap":{"0":{"start":{"line":1,"column":0},"end":{"line":1,"column":30}},"1":{"start":{"line":2,"column":0},"end":{"line":2,"column":24}},"2":{"start":{"line":3,"column":0},"end":{"line":3,"column":45}},"3":{"start":{"line":4,"column":0},"end":{"line":4,"column":51}},"4":{"start":{"line":5,"column":0},"end":{"line":5,"column":46}},"5":{"start":{"line":7,"column":12},"end":{"line":7,"column":21}},"6":{"start":{"line":9,"column":0},"end":{"line":9,"column":16}},"7":{"start":{"line":10,"column":0},"end":{"line":10,"column":24}},"8":{"start":{"line":13,"column":0},"end":{"line":13,"column":33}},"9":{"start":{"line":14,"column":0},"end":{"line":14,"column":40}},"10":{"start":{"line":16,"column":13},"end":{"line":16,"column":37}},"11":{"start":{"line":18,"column":0},"end":{"line":27,"column":1}},"12":{"start":{"line":19,"column":2},"end":{"line":26,"column":5}},"13":{"start":{"line":20,"column":4},"end":{"line":20,"column":66}},"14":{"start":{"line":21,"column":4},"end":{"line":23,"column":7}},"15":{"start":{"line":22,"column":6},"end":{"line":22,"column":80}},"16":{"start":{"line":25,"column":4},"end":{"line":25,"column":66}},"17":{"start":{"line":29,"column":0},"end":{"line":29,"column":19}}},"fnMap":{"0":{"name":"(anonymous_1)","decl":{"start":{"line":19,"column":40},"end":{"line":19,"column":43}},"loc":{"start":{"line":19,"column":45},"end":{"line":24,"column":3}}},"1":{"name":"(anonymous_2)","decl":{"start":{"line":21,"column":21},"end":{"line":21,"column":24}},"loc":{"start":{"line":21,"column":26},"end":{"line":23,"column":5}}},"2":{"name":"(anonymous_3)","decl":{"start":{"line":24,"column":11},"end":{"line":24,"column":14}},"loc":{"start":{"line":24,"column":17},"end":{"line":26,"column":3}}}},"branchMap":{"0":{"loc":{"start":{"line":16,"column":13},"end":{"line":16,"column":37}},"type":"binary-expr","locations":[{"start":{"line":16,"column":13},"end":{"line":16,"column":29}},{"start":{"line":16,"column":33},"end":{"line":16,"column":37}}]},"1":{"loc":{"start":{"line":18,"column":0},"end":{"line":27,"column":1}},"type":"if","locations":[{"start":{"line":18,"column":0},"end":{"line":27,"column":1}}]}},"s":{"0":1,"1":1,"2":1,"3":1,"4":1,"5":1,"6":1,"7":1,"8":1,"9":1,"10":1,"11":1,"12":0,"13":0,"14":0,"15":0,"16":0,"17":1},"f":{"0":0,"1":0,"2":0},"b":{"0":[1,0],"1":[0]}}
,"D:\\canchaya-workspace\\canchaya-backend\\src\\config\\database.ts": {"path":"D:\\canchaya-workspace\\canchaya-backend\\src\\config\\database.ts","statementMap":{"0":{"start":{"line":1,"column":0},"end":{"line":1,"column":38}},"1":{"start":{"line":2,"column":0},"end":{"line":2,"column":28}},"2":{"start":{"line":4,"column":0},"end":{"line":4,"column":16}},"3":{"start":{"line":6,"column":15},"end":{"line":6,"column":46}},"4":{"start":{"line":8,"column":13},"end":{"line":24,"column":2}}},"fnMap":{},"branchMap":{"0":{"loc":{"start":{"line":9,"column":4},"end":{"line":9,"column":72}},"type":"cond-expr","locations":[{"start":{"line":9,"column":13},"end":{"line":9,"column":31}},{"start":{"line":9,"column":35},"end":{"line":9,"column":71}}]},"1":{"loc":{"start":{"line":9,"column":35},"end":{"line":9,"column":71}},"type":"binary-expr","locations":[{"start":{"line":9,"column":35},"end":{"line":9,"column":54}},{"start":{"line":9,"column":58},"end":{"line":9,"column":71}}]},"2":{"loc":{"start":{"line":10,"column":4},"end":{"line":10,"column":33}},"type":"binary-expr","locations":[{"start":{"line":10,"column":4},"end":{"line":10,"column":23}},{"start":{"line":10,"column":27},"end":{"line":10,"column":33}}]},"3":{"loc":{"start":{"line":11,"column":4},"end":{"line":11,"column":33}},"type":"binary-expr","locations":[{"start":{"line":11,"column":4},"end":{"line":11,"column":27}},{"start":{"line":11,"column":31},"end":{"line":11,"column":33}}]},"4":{"loc":{"start":{"line":13,"column":14},"end":{"line":13,"column":48}},"type":"binary-expr","locations":[{"start":{"line":13,"column":14},"end":{"line":13,"column":33}},{"start":{"line":13,"column":37},"end":{"line":13,"column":48}}]},"5":{"loc":{"start":{"line":14,"column":14},"end":{"line":14,"column":49}},"type":"binary-expr","locations":[{"start":{"line":14,"column":14},"end":{"line":14,"column":41}},{"start":{"line":14,"column":45},"end":{"line":14,"column":49}}]}},"s":{"0":2,"1":2,"2":2,"3":2,"4":2},"f":{},"b":{"0":[2,0],"1":[0,0],"2":[2,0],"3":[2,0],"4":[2,0],"5":[2,0]}}
,"D:\\canchaya-workspace\\canchaya-backend\\src\\controllers\\AuthController.ts": {"path":"D:\\canchaya-workspace\\canchaya-backend\\src\\controllers\\AuthController.ts","statementMap":{"0":{"start":{"line":2,"column":0},"end":{"line":2,"column":44}},"1":{"start":{"line":3,"column":0},"end":{"line":3,"column":30}},"2":{"start":{"line":4,"column":0},"end":{"line":4,"column":31}},"3":{"start":{"line":12,"column":4},"end":{"line":45,"column":5}},"4":{"start":{"line":13,"column":47},"end":{"line":13,"column":55}},"5":{"start":{"line":16,"column":28},"end":{"line":16,"column":71}},"6":{"start":{"line":17,"column":6},"end":{"line":20,"column":7}},"7":{"start":{"line":18,"column":8},"end":{"line":18,"column":85}},"8":{"start":{"line":19,"column":8},"end":{"line":19,"column":15}},"9":{"start":{"line":23,"column":19},"end":{"line":23,"column":43}},"10":{"start":{"line":24,"column":33},"end":{"line":24,"column":66}},"11":{"start":{"line":27,"column":27},"end":{"line":32,"column":8}},"12":{"start":{"line":34,"column":6},"end":{"line":42,"column":9}},"13":{"start":{"line":44,"column":6},"end":{"line":44,"column":100}},"14":{"start":{"line":52,"column":4},"end":{"line":89,"column":5}},"15":{"start":{"line":53,"column":34},"end":{"line":53,"column":42}},"16":{"start":{"line":56,"column":22},"end":{"line":56,"column":65}},"17":{"start":{"line":57,"column":6},"end":{"line":60,"column":7}},"18":{"start":{"line":58,"column":8},"end":{"line":58,"column":91}},"19":{"start":{"line":59,"column":8},"end":{"line":59,"column":15}},"20":{"start":{"line":63,"column":33},"end":{"line":63,"column":90}},"21":{"start":{"line":63,"column":92},"end":{"line":66,"column":7}},"22":{"start":{"line":64,"column":8},"end":{"line":64,"column":91}},"23":{"start":{"line":65,"column":8},"end":{"line":65,"column":15}},"24":{"start":{"line":69,"column":24},"end":{"line":69,"column":91}},"25":{"start":{"line":70,"column":20},"end":{"line":73,"column":null}},"26":{"start":{"line":77,"column":4},"end":{"line":86,"column":7}},"27":{"start":{"line":88,"column":6},"end":{"line":88,"column":96}},"28":{"start":{"line":6,"column":0},"end":{"line":6,"column":13}}},"fnMap":{"0":{"name":"(anonymous_1)","decl":{"start":{"line":11,"column":9},"end":{"line":11,"column":15}},"loc":{"start":{"line":11,"column":59},"end":{"line":46,"column":3}}},"1":{"name":"(anonymous_2)","decl":{"start":{"line":51,"column":9},"end":{"line":51,"column":15}},"loc":{"start":{"line":51,"column":55},"end":{"line":90,"column":3}}}},"branchMap":{"0":{"loc":{"start":{"line":17,"column":6},"end":{"line":20,"column":7}},"type":"if","locations":[{"start":{"line":17,"column":6},"end":{"line":20,"column":7}}]},"1":{"loc":{"start":{"line":31,"column":13},"end":{"line":31,"column":29}},"type":"binary-expr","locations":[{"start":{"line":31,"column":13},"end":{"line":31,"column":16}},{"start":{"line":31,"column":20},"end":{"line":31,"column":29}}]},"2":{"loc":{"start":{"line":44,"column":36},"end":{"line":44,"column":96}},"type":"binary-expr","locations":[{"start":{"line":44,"column":36},"end":{"line":44,"column":49}},{"start":{"line":44,"column":53},"end":{"line":44,"column":96}}]},"3":{"loc":{"start":{"line":57,"column":6},"end":{"line":60,"column":7}},"type":"if","locations":[{"start":{"line":57,"column":6},"end":{"line":60,"column":7}}]},"4":{"loc":{"start":{"line":63,"column":92},"end":{"line":66,"column":7}},"type":"if","locations":[{"start":{"line":63,"column":92},"end":{"line":66,"column":7}}]},"5":{"loc":{"start":{"line":69,"column":24},"end":{"line":69,"column":91}},"type":"binary-expr","locations":[{"start":{"line":69,"column":24},"end":{"line":69,"column":46}},{"start":{"line":69,"column":50},"end":{"line":69,"column":91}}]},"6":{"loc":{"start":{"line":88,"column":36},"end":{"line":88,"column":92}},"type":"binary-expr","locations":[{"start":{"line":88,"column":36},"end":{"line":88,"column":49}},{"start":{"line":88,"column":53},"end":{"line":88,"column":92}}]}},"s":{"0":1,"1":1,"2":1,"3":3,"4":3,"5":3,"6":3,"7":1,"8":1,"9":2,"10":2,"11":2,"12":1,"13":1,"14":3,"15":3,"16":3,"17":3,"18":1,"19":1,"20":2,"21":2,"22":1,"23":1,"24":1,"25":1,"26":1,"27":0,"28":1},"f":{"0":3,"1":3},"b":{"0":[1],"1":[2,2],"2":[1,0],"3":[1],"4":[1],"5":[1,0],"6":[0,0]}}
,"D:\\canchaya-workspace\\canchaya-backend\\src\\controllers\\ReservaController.ts": {"path":"D:\\canchaya-workspace\\canchaya-backend\\src\\controllers\\ReservaController.ts","statementMap":{"0":{"start":{"line":3,"column":0},"end":{"line":3,"column":44}},"1":{"start":{"line":4,"column":0},"end":{"line":4,"column":42}},"2":{"start":{"line":5,"column":0},"end":{"line":5,"column":44}},"3":{"start":{"line":6,"column":0},"end":{"line":6,"column":60}},"4":{"start":{"line":7,"column":0},"end":{"line":7,"column":31}},"5":{"start":{"line":15,"column":4},"end":{"line":95,"column":5}},"6":{"start":{"line":16,"column":66},"end":{"line":16,"column":74}},"7":{"start":{"line":19,"column":25},"end":{"line":19,"column":44}},"8":{"start":{"line":20,"column":6},"end":{"line":23,"column":7}},"9":{"start":{"line":21,"column":8},"end":{"line":21,"column":83}},"10":{"start":{"line":22,"column":8},"end":{"line":22,"column":15}},"11":{"start":{"line":26,"column":29},"end":{"line":26,"column":66}},"12":{"start":{"line":27,"column":26},"end":{"line":27,"column":36}},"13":{"start":{"line":28,"column":6},"end":{"line":28,"column":39}},"14":{"start":{"line":30,"column":6},"end":{"line":33,"column":7}},"15":{"start":{"line":31,"column":8},"end":{"line":31,"column":92}},"16":{"start":{"line":32,"column":8},"end":{"line":32,"column":15}},"17":{"start":{"line":36,"column":21},"end":{"line":36,"column":53}},"18":{"start":{"line":37,"column":6},"end":{"line":40,"column":7}},"19":{"start":{"line":38,"column":8},"end":{"line":38,"column":76}},"20":{"start":{"line":39,"column":8},"end":{"line":39,"column":15}},"21":{"start":{"line":43,"column":23},"end":{"line":43,"column":60}},"22":{"start":{"line":44,"column":24},"end":{"line":44,"column":41}},"23":{"start":{"line":46,"column":33},"end":{"line":53,"column":8}},"24":{"start":{"line":55,"column":6},"end":{"line":58,"column":7}},"25":{"start":{"line":56,"column":8},"end":{"line":56,"column":106}},"26":{"start":{"line":57,"column":8},"end":{"line":57,"column":15}},"27":{"start":{"line":61,"column":30},"end":{"line":71,"column":8}},"28":{"start":{"line":73,"column":6},"end":{"line":76,"column":7}},"29":{"start":{"line":74,"column":8},"end":{"line":74,"column":108}},"30":{"start":{"line":75,"column":8},"end":{"line":75,"column":15}},"31":{"start":{"line":79,"column":25},"end":{"line":79,"column":100}},"32":{"start":{"line":82,"column":27},"end":{"line":90,"column":8}},"33":{"start":{"line":92,"column":6},"end":{"line":92,"column":41}},"34":{"start":{"line":94,"column":6},"end":{"line":94,"column":87}},"35":{"start":{"line":102,"column":4},"end":{"line":108,"column":5}},"36":{"start":{"line":103,"column":25},"end":{"line":103,"column":44}},"37":{"start":{"line":104,"column":23},"end":{"line":104,"column":71}},"38":{"start":{"line":105,"column":6},"end":{"line":105,"column":37}},"39":{"start":{"line":107,"column":6},"end":{"line":107,"column":53}},"40":{"start":{"line":115,"column":4},"end":{"line":120,"column":5}},"41":{"start":{"line":116,"column":23},"end":{"line":116,"column":46}},"42":{"start":{"line":117,"column":6},"end":{"line":117,"column":37}},"43":{"start":{"line":119,"column":6},"end":{"line":119,"column":53}},"44":{"start":{"line":9,"column":0},"end":{"line":9,"column":13}}},"fnMap":{"0":{"name":"(anonymous_0)","decl":{"start":{"line":14,"column":9},"end":{"line":14,"column":15}},"loc":{"start":{"line":14,"column":59},"end":{"line":96,"column":3}}},"1":{"name":"(anonymous_1)","decl":{"start":{"line":101,"column":9},"end":{"line":101,"column":15}},"loc":{"start":{"line":101,"column":71},"end":{"line":109,"column":3}}},"2":{"name":"(anonymous_2)","decl":{"start":{"line":114,"column":9},"end":{"line":114,"column":15}},"loc":{"start":{"line":114,"column":65},"end":{"line":121,"column":3}}}},"branchMap":{"0":{"loc":{"start":{"line":20,"column":6},"end":{"line":23,"column":7}},"type":"if","locations":[{"start":{"line":20,"column":6},"end":{"line":23,"column":7}}]},"1":{"loc":{"start":{"line":30,"column":6},"end":{"line":33,"column":7}},"type":"if","locations":[{"start":{"line":30,"column":6},"end":{"line":33,"column":7}}]},"2":{"loc":{"start":{"line":37,"column":6},"end":{"line":40,"column":7}},"type":"if","locations":[{"start":{"line":37,"column":6},"end":{"line":40,"column":7}}]},"3":{"loc":{"start":{"line":55,"column":6},"end":{"line":58,"column":7}},"type":"if","locations":[{"start":{"line":55,"column":6},"end":{"line":58,"column":7}}]},"4":{"loc":{"start":{"line":73,"column":6},"end":{"line":76,"column":7}},"type":"if","locations":[{"start":{"line":73,"column":6},"end":{"line":76,"column":7}}]},"5":{"loc":{"start":{"line":94,"column":36},"end":{"line":94,"column":83}},"type":"binary-expr","locations":[{"start":{"line":94,"column":36},"end":{"line":94,"column":49}},{"start":{"line":94,"column":53},"end":{"line":94,"column":83}}]}},"s":{"0":1,"1":1,"2":1,"3":1,"4":1,"5":5,"6":5,"7":5,"8":5,"9":0,"10":0,"11":5,"12":5,"13":5,"14":5,"15":1,"16":1,"17":4,"18":4,"19":1,"20":1,"21":3,"22":3,"23":3,"24":3,"25":1,"26":1,"27":2,"28":2,"29":1,"30":1,"31":1,"32":1,"33":1,"34":0,"35":1,"36":1,"37":1,"38":1,"39":0,"40":1,"41":1,"42":1,"43":0,"44":1},"f":{"0":5,"1":1,"2":1},"b":{"0":[0],"1":[1],"2":[1],"3":[1],"4":[1],"5":[0,0]}}
,"D:\\canchaya-workspace\\canchaya-backend\\src\\middlewares\\authMiddleware.ts": {"path":"D:\\canchaya-workspace\\canchaya-backend\\src\\middlewares\\authMiddleware.ts","statementMap":{"0":{"start":{"line":2,"column":0},"end":{"line":2,"column":31}},"1":{"start":{"line":8,"column":30},"end":{"line":22,"column":1}},"2":{"start":{"line":9,"column":21},"end":{"line":9,"column":46}},"3":{"start":{"line":10,"column":2},"end":{"line":12,"column":3}},"4":{"start":{"line":11,"column":4},"end":{"line":11,"column":87}},"5":{"start":{"line":14,"column":16},"end":{"line":14,"column":40}},"6":{"start":{"line":15,"column":2},"end":{"line":21,"column":3}},"7":{"start":{"line":16,"column":20},"end":{"line":16,"column":138}},"8":{"start":{"line":17,"column":4},"end":{"line":17,"column":30}},"9":{"start":{"line":18,"column":4},"end":{"line":18,"column":11}},"10":{"start":{"line":20,"column":4},"end":{"line":20,"column":73}},"11":{"start":{"line":8,"column":13},"end":{"line":8,"column":30}},"12":{"start":{"line":24,"column":30},"end":{"line":31,"column":1}},"13":{"start":{"line":25,"column":2},"end":{"line":30,"column":4}},"14":{"start":{"line":26,"column":4},"end":{"line":28,"column":5}},"15":{"start":{"line":27,"column":6},"end":{"line":27,"column":98}},"16":{"start":{"line":29,"column":4},"end":{"line":29,"column":11}},"17":{"start":{"line":24,"column":13},"end":{"line":24,"column":30}}},"fnMap":{"0":{"name":"(anonymous_1)","decl":{"start":{"line":8,"column":30},"end":{"line":8,"column":31}},"loc":{"start":{"line":8,"column":86},"end":{"line":22,"column":1}}},"1":{"name":"(anonymous_2)","decl":{"start":{"line":24,"column":30},"end":{"line":24,"column":31}},"loc":{"start":{"line":24,"column":64},"end":{"line":31,"column":1}}},"2":{"name":"(anonymous_3)","decl":{"start":{"line":25,"column":9},"end":{"line":25,"column":10}},"loc":{"start":{"line":25,"column":65},"end":{"line":30,"column":3}}}},"branchMap":{"0":{"loc":{"start":{"line":10,"column":2},"end":{"line":12,"column":3}},"type":"if","locations":[{"start":{"line":10,"column":2},"end":{"line":12,"column":3}}]},"1":{"loc":{"start":{"line":10,"column":6},"end":{"line":10,"column":54}},"type":"binary-expr","locations":[{"start":{"line":10,"column":6},"end":{"line":10,"column":17}},{"start":{"line":10,"column":21},"end":{"line":10,"column":54}}]},"2":{"loc":{"start":{"line":16,"column":38},"end":{"line":16,"column":85}},"type":"binary-expr","locations":[{"start":{"line":16,"column":38},"end":{"line":16,"column":60}},{"start":{"line":16,"column":64},"end":{"line":16,"column":85}}]},"3":{"loc":{"start":{"line":26,"column":4},"end":{"line":28,"column":5}},"type":"if","locations":[{"start":{"line":26,"column":4},"end":{"line":28,"column":5}}]},"4":{"loc":{"start":{"line":26,"column":8},"end":{"line":26,"column":64}},"type":"binary-expr","locations":[{"start":{"line":26,"column":8},"end":{"line":26,"column":24}},{"start":{"line":26,"column":28},"end":{"line":26,"column":64}}]}},"s":{"0":1,"1":1,"2":11,"3":11,"4":2,"5":9,"6":9,"7":9,"8":7,"9":7,"10":2,"11":1,"12":1,"13":0,"14":0,"15":0,"16":0,"17":1},"f":{"0":11,"1":0,"2":0},"b":{"0":[2],"1":[11,10],"2":[9,0],"3":[0],"4":[0,0]}}
,"D:\\canchaya-workspace\\canchaya-backend\\src\\models\\Cancha.ts": {"path":"D:\\canchaya-workspace\\canchaya-backend\\src\\models\\Cancha.ts","statementMap":{"0":{"start":{"line":1,"column":0},"end":{"line":1,"column":45}},"1":{"start":{"line":2,"column":0},"end":{"line":2,"column":47}},"2":{"start":{"line":4,"column":0},"end":{"line":4,"column":13}},"3":{"start":{"line":11,"column":0},"end":{"line":19,"column":2}}},"fnMap":{},"branchMap":{},"s":{"0":2,"1":2,"2":2,"3":2},"f":{},"b":{}}
,"D:\\canchaya-workspace\\canchaya-backend\\src\\models\\Horario.ts": {"path":"D:\\canchaya-workspace\\canchaya-backend\\src\\models\\Horario.ts","statementMap":{"0":{"start":{"line":1,"column":0},"end":{"line":1,"column":45}},"1":{"start":{"line":2,"column":0},"end":{"line":2,"column":47}},"2":{"start":{"line":3,"column":0},"end":{"line":3,"column":34}},"3":{"start":{"line":5,"column":0},"end":{"line":5,"column":13}},"4":{"start":{"line":13,"column":0},"end":{"line":26,"column":2}},"5":{"start":{"line":28,"column":0},"end":{"line":28,"column":74}},"6":{"start":{"line":29,"column":0},"end":{"line":29,"column":55}}},"fnMap":{},"branchMap":{},"s":{"0":2,"1":2,"2":2,"3":2,"4":2,"5":2,"6":2},"f":{},"b":{}}
,"D:\\canchaya-workspace\\canchaya-backend\\src\\models\\Reserva.ts": {"path":"D:\\canchaya-workspace\\canchaya-backend\\src\\models\\Reserva.ts","statementMap":{"0":{"start":{"line":1,"column":0},"end":{"line":1,"column":45}},"1":{"start":{"line":2,"column":0},"end":{"line":2,"column":47}},"2":{"start":{"line":4,"column":0},"end":{"line":4,"column":13}},"3":{"start":{"line":8,"column":0},"end":{"line":33,"column":2}},"4":{"start":{"line":21,"column":22},"end":{"line":21,"column":53}},"5":{"start":{"line":22,"column":8},"end":{"line":22,"column":41}}},"fnMap":{"0":{"name":"(anonymous_0)","decl":{"start":{"line":19,"column":6},"end":{"line":19,"column":9}},"loc":{"start":{"line":19,"column":9},"end":{"line":23,"column":7}}}},"branchMap":{"0":{"loc":{"start":{"line":22,"column":15},"end":{"line":22,"column":40}},"type":"cond-expr","locations":[{"start":{"line":22,"column":23},"end":{"line":22,"column":36}},{"start":{"line":22,"column":39},"end":{"line":22,"column":40}}]}},"s":{"0":2,"1":2,"2":2,"3":2,"4":3,"5":3},"f":{"0":3},"b":{"0":[3,0]}}
,"D:\\canchaya-workspace\\canchaya-backend\\src\\models\\Usuario.ts": {"path":"D:\\canchaya-workspace\\canchaya-backend\\src\\models\\Usuario.ts","statementMap":{"0":{"start":{"line":1,"column":0},"end":{"line":1,"column":45}},"1":{"start":{"line":2,"column":0},"end":{"line":2,"column":47}},"2":{"start":{"line":4,"column":0},"end":{"line":4,"column":13}},"3":{"start":{"line":6,"column":0},"end":{"line":39,"column":2}}},"fnMap":{},"branchMap":{},"s":{"0":1,"1":1,"2":1,"3":1},"f":{},"b":{}}
,"D:\\canchaya-workspace\\canchaya-backend\\src\\routes\\authRoutes.ts": {"path":"D:\\canchaya-workspace\\canchaya-backend\\src\\routes\\authRoutes.ts","statementMap":{"0":{"start":{"line":1,"column":0},"end":{"line":1,"column":33}},"1":{"start":{"line":2,"column":0},"end":{"line":2,"column":63}},"2":{"start":{"line":4,"column":15},"end":{"line":4,"column":23}},"3":{"start":{"line":6,"column":0},"end":{"line":6,"column":51}},"4":{"start":{"line":7,"column":0},"end":{"line":7,"column":44}},"5":{"start":{"line":9,"column":0},"end":{"line":9,"column":22}}},"fnMap":{},"branchMap":{},"s":{"0":1,"1":1,"2":1,"3":1,"4":1,"5":1},"f":{},"b":{}}
,"D:\\canchaya-workspace\\canchaya-backend\\src\\routes\\reservaRoutes.ts": {"path":"D:\\canchaya-workspace\\canchaya-backend\\src\\routes\\reservaRoutes.ts","statementMap":{"0":{"start":{"line":1,"column":0},"end":{"line":1,"column":33}},"1":{"start":{"line":2,"column":0},"end":{"line":2,"column":69}},"2":{"start":{"line":3,"column":0},"end":{"line":3,"column":63}},"3":{"start":{"line":5,"column":15},"end":{"line":5,"column":23}},"4":{"start":{"line":8,"column":0},"end":{"line":8,"column":58}},"5":{"start":{"line":9,"column":0},"end":{"line":9,"column":71}},"6":{"start":{"line":10,"column":0},"end":{"line":10,"column":63}},"7":{"start":{"line":12,"column":0},"end":{"line":12,"column":22}}},"fnMap":{},"branchMap":{},"s":{"0":1,"1":1,"2":1,"3":1,"4":1,"5":1,"6":1,"7":1},"f":{},"b":{}}
,"D:\\canchaya-workspace\\canchaya-backend\\src\\services\\ReservaService.ts": {"path":"D:\\canchaya-workspace\\canchaya-backend\\src\\services\\ReservaService.ts","statementMap":{"0":{"start":{"line":1,"column":0},"end":{"line":1,"column":31}},"1":{"start":{"line":2,"column":0},"end":{"line":2,"column":44}},"2":{"start":{"line":3,"column":0},"end":{"line":3,"column":42}},"3":{"start":{"line":4,"column":0},"end":{"line":4,"column":44}},"4":{"start":{"line":9,"column":4},"end":{"line":11,"column":5}},"5":{"start":{"line":10,"column":6},"end":{"line":10,"column":66}},"6":{"start":{"line":13,"column":31},"end":{"line":13,"column":64}},"7":{"start":{"line":14,"column":25},"end":{"line":14,"column":55}},"8":{"start":{"line":16,"column":4},"end":{"line":18,"column":5}},"9":{"start":{"line":17,"column":6},"end":{"line":17,"column":81}},"10":{"start":{"line":20,"column":26},"end":{"line":20,"column":48}},"11":{"start":{"line":21,"column":23},"end":{"line":21,"column":39}},"12":{"start":{"line":23,"column":4},"end":{"line":25,"column":5}},"13":{"start":{"line":24,"column":6},"end":{"line":24,"column":79}},"14":{"start":{"line":27,"column":25},"end":{"line":27,"column":58}},"15":{"start":{"line":28,"column":4},"end":{"line":28,"column":58}},"16":{"start":{"line":37,"column":28},"end":{"line":47,"column":6}},"17":{"start":{"line":48,"column":4},"end":{"line":48,"column":29}},"18":{"start":{"line":57,"column":21},"end":{"line":57,"column":50}},"19":{"start":{"line":58,"column":22},"end":{"line":58,"column":39}},"20":{"start":{"line":60,"column":31},"end":{"line":67,"column":6}},"21":{"start":{"line":68,"column":4},"end":{"line":68,"column":32}},"22":{"start":{"line":78,"column":19},"end":{"line":78,"column":56}},"23":{"start":{"line":79,"column":4},"end":{"line":79,"column":69}},"24":{"start":{"line":79,"column":17},"end":{"line":79,"column":69}},"25":{"start":{"line":81,"column":27},"end":{"line":81,"column":65}},"26":{"start":{"line":82,"column":4},"end":{"line":84,"column":5}},"27":{"start":{"line":83,"column":6},"end":{"line":83,"column":74}},"28":{"start":{"line":86,"column":27},"end":{"line":87,"column":null}},"29":{"start":{"line":89,"column":4},"end":{"line":91,"column":5}},"30":{"start":{"line":90,"column":6},"end":{"line":90,"column":95}},"31":{"start":{"line":93,"column":28},"end":{"line":94,"column":null}},"32":{"start":{"line":96,"column":4},"end":{"line":98,"column":5}},"33":{"start":{"line":97,"column":6},"end":{"line":97,"column":90}},"34":{"start":{"line":100,"column":23},"end":{"line":100,"column":98}},"35":{"start":{"line":102,"column":4},"end":{"line":110,"column":7}},"36":{"start":{"line":6,"column":0},"end":{"line":6,"column":13}}},"fnMap":{"0":{"name":"(anonymous_0)","decl":{"start":{"line":8,"column":9},"end":{"line":8,"column":15}},"loc":{"start":{"line":8,"column":89},"end":{"line":29,"column":3}}},"1":{"name":"(anonymous_1)","decl":{"start":{"line":31,"column":9},"end":{"line":31,"column":15}},"loc":{"start":{"line":35,"column":19},"end":{"line":49,"column":3}}},"2":{"name":"(anonymous_2)","decl":{"start":{"line":51,"column":9},"end":{"line":51,"column":15}},"loc":{"start":{"line":55,"column":19},"end":{"line":69,"column":3}}},"3":{"name":"(anonymous_3)","decl":{"start":{"line":71,"column":9},"end":{"line":71,"column":15}},"loc":{"start":{"line":77,"column":3},"end":{"line":111,"column":3}}}},"branchMap":{"0":{"loc":{"start":{"line":9,"column":4},"end":{"line":11,"column":5}},"type":"if","locations":[{"start":{"line":9,"column":4},"end":{"line":11,"column":5}}]},"1":{"loc":{"start":{"line":9,"column":8},"end":{"line":9,"column":86}},"type":"binary-expr","locations":[{"start":{"line":9,"column":8},"end":{"line":9,"column":19}},{"start":{"line":9,"column":23},"end":{"line":9,"column":31}},{"start":{"line":9,"column":35},"end":{"line":9,"column":60}},{"start":{"line":9,"column":64},"end":{"line":9,"column":86}}]},"2":{"loc":{"start":{"line":16,"column":4},"end":{"line":18,"column":5}},"type":"if","locations":[{"start":{"line":16,"column":4},"end":{"line":18,"column":5}}]},"3":{"loc":{"start":{"line":16,"column":8},"end":{"line":16,"column":70}},"type":"binary-expr","locations":[{"start":{"line":16,"column":8},"end":{"line":16,"column":22}},{"start":{"line":16,"column":26},"end":{"line":16,"column":40}},{"start":{"line":16,"column":44},"end":{"line":16,"column":55}},{"start":{"line":16,"column":59},"end":{"line":16,"column":70}}]},"4":{"loc":{"start":{"line":23,"column":4},"end":{"line":25,"column":5}},"type":"if","locations":[{"start":{"line":23,"column":4},"end":{"line":25,"column":5}}]},"5":{"loc":{"start":{"line":79,"column":4},"end":{"line":79,"column":69}},"type":"if","locations":[{"start":{"line":79,"column":4},"end":{"line":79,"column":69}}]},"6":{"loc":{"start":{"line":82,"column":4},"end":{"line":84,"column":5}},"type":"if","locations":[{"start":{"line":82,"column":4},"end":{"line":84,"column":5}}]},"7":{"loc":{"start":{"line":89,"column":4},"end":{"line":91,"column":5}},"type":"if","locations":[{"start":{"line":89,"column":4},"end":{"line":91,"column":5}}]},"8":{"loc":{"start":{"line":96,"column":4},"end":{"line":98,"column":5}},"type":"if","locations":[{"start":{"line":96,"column":4},"end":{"line":98,"column":5}}]}},"s":{"0":2,"1":2,"2":2,"3":2,"4":8,"5":1,"6":7,"7":7,"8":7,"9":1,"10":6,"11":6,"12":6,"13":1,"14":5,"15":5,"16":2,"17":2,"18":3,"19":3,"20":3,"21":3,"22":5,"23":5,"24":2,"25":3,"26":3,"27":0,"28":3,"29":3,"30":1,"31":2,"32":2,"33":1,"34":1,"35":1,"36":2},"f":{"0":8,"1":2,"2":3,"3":5},"b":{"0":[1],"1":[8,8,8,7],"2":[1],"3":[7,6,6,6],"4":[1],"5":[2],"6":[0],"7":[1],"8":[1]}}
}
