TN:
SF:src\app.ts
FN:19,(anonymous_1)
FN:21,(anonymous_2)
FN:24,(anonymous_3)
FNF:3
FNH:0
FNDA:0,(anonymous_1)
FNDA:0,(anonymous_2)
FNDA:0,(anonymous_3)
DA:1,1
DA:2,1
DA:3,1
DA:4,1
DA:5,1
DA:7,1
DA:9,1
DA:10,1
DA:13,1
DA:14,1
DA:16,1
DA:18,1
DA:19,0
DA:20,0
DA:21,0
DA:22,0
DA:25,0
DA:29,1
LF:18
LH:13
BRDA:16,0,0,1
BRDA:16,0,1,0
BRDA:18,1,0,0
BRF:3
BRH:1
end_of_record
TN:
SF:src\config\database.ts
FNF:0
FNH:0
DA:1,2
DA:2,2
DA:4,2
DA:6,2
DA:8,2
LF:5
LH:5
BRDA:9,0,0,2
BRDA:9,0,1,0
BRDA:9,1,0,0
BRDA:9,1,1,0
BRDA:10,2,0,2
BRDA:10,2,1,0
BRDA:11,3,0,2
BRDA:11,3,1,0
BRDA:13,4,0,2
BRDA:13,4,1,0
BRDA:14,5,0,2
BRDA:14,5,1,0
BRF:12
BRH:5
end_of_record
TN:
SF:src\controllers\AuthController.ts
FN:11,(anonymous_1)
FN:51,(anonymous_2)
FNF:2
FNH:2
FNDA:3,(anonymous_1)
FNDA:3,(anonymous_2)
DA:2,1
DA:3,1
DA:4,1
DA:6,1
DA:12,3
DA:13,3
DA:16,3
DA:17,3
DA:18,1
DA:19,1
DA:23,2
DA:24,2
DA:27,2
DA:34,1
DA:44,1
DA:52,3
DA:53,3
DA:56,3
DA:57,3
DA:58,1
DA:59,1
DA:63,2
DA:64,1
DA:65,1
DA:69,1
DA:70,1
DA:77,1
DA:88,0
LF:28
LH:27
BRDA:17,0,0,1
BRDA:31,1,0,2
BRDA:31,1,1,2
BRDA:44,2,0,1
BRDA:44,2,1,0
BRDA:57,3,0,1
BRDA:63,4,0,1
BRDA:69,5,0,1
BRDA:69,5,1,0
BRDA:88,6,0,0
BRDA:88,6,1,0
BRF:11
BRH:7
end_of_record
TN:
SF:src\controllers\ReservaController.ts
FN:14,(anonymous_0)
FN:101,(anonymous_1)
FN:114,(anonymous_2)
FNF:3
FNH:3
FNDA:5,(anonymous_0)
FNDA:1,(anonymous_1)
FNDA:1,(anonymous_2)
DA:3,1
DA:4,1
DA:5,1
DA:6,1
DA:7,1
DA:9,1
DA:15,5
DA:16,5
DA:19,5
DA:20,5
DA:21,0
DA:22,0
DA:26,5
DA:27,5
DA:28,5
DA:30,5
DA:31,1
DA:32,1
DA:36,4
DA:37,4
DA:38,1
DA:39,1
DA:43,3
DA:44,3
DA:46,3
DA:55,3
DA:56,1
DA:57,1
DA:61,2
DA:73,2
DA:74,1
DA:75,1
DA:79,1
DA:82,1
DA:92,1
DA:94,0
DA:102,1
DA:103,1
DA:104,1
DA:105,1
DA:107,0
DA:115,1
DA:116,1
DA:117,1
DA:119,0
LF:45
LH:40
BRDA:20,0,0,0
BRDA:30,1,0,1
BRDA:37,2,0,1
BRDA:55,3,0,1
BRDA:73,4,0,1
BRDA:94,5,0,0
BRDA:94,5,1,0
BRF:7
BRH:4
end_of_record
TN:
SF:src\middlewares\authMiddleware.ts
FN:8,(anonymous_1)
FN:24,(anonymous_2)
FN:25,(anonymous_3)
FNF:3
FNH:1
FNDA:11,(anonymous_1)
FNDA:0,(anonymous_2)
FNDA:0,(anonymous_3)
DA:2,1
DA:8,1
DA:9,11
DA:10,11
DA:11,2
DA:14,9
DA:15,9
DA:16,9
DA:17,7
DA:18,7
DA:20,2
DA:24,1
DA:25,0
DA:26,0
DA:27,0
DA:29,0
LF:16
LH:12
BRDA:10,0,0,2
BRDA:10,1,0,11
BRDA:10,1,1,10
BRDA:16,2,0,9
BRDA:16,2,1,0
BRDA:26,3,0,0
BRDA:26,4,0,0
BRDA:26,4,1,0
BRF:8
BRH:4
end_of_record
TN:
SF:src\models\Cancha.ts
FNF:0
FNH:0
DA:1,2
DA:2,2
DA:4,2
DA:11,2
LF:4
LH:4
BRF:0
BRH:0
end_of_record
TN:
SF:src\models\Horario.ts
FNF:0
FNH:0
DA:1,2
DA:2,2
DA:3,2
DA:5,2
DA:13,2
DA:28,2
DA:29,2
LF:7
LH:7
BRF:0
BRH:0
end_of_record
TN:
SF:src\models\Reserva.ts
FN:19,(anonymous_0)
FNF:1
FNH:1
FNDA:3,(anonymous_0)
DA:1,2
DA:2,2
DA:4,2
DA:8,2
DA:21,3
DA:22,3
LF:6
LH:6
BRDA:22,0,0,3
BRDA:22,0,1,0
BRF:2
BRH:1
end_of_record
TN:
SF:src\models\Usuario.ts
FNF:0
FNH:0
DA:1,1
DA:2,1
DA:4,1
DA:6,1
LF:4
LH:4
BRF:0
BRH:0
end_of_record
TN:
SF:src\routes\authRoutes.ts
FNF:0
FNH:0
DA:1,1
DA:2,1
DA:4,1
DA:6,1
DA:7,1
DA:9,1
LF:6
LH:6
BRF:0
BRH:0
end_of_record
TN:
SF:src\routes\reservaRoutes.ts
FNF:0
FNH:0
DA:1,1
DA:2,1
DA:3,1
DA:5,1
DA:8,1
DA:9,1
DA:10,1
DA:12,1
LF:8
LH:8
BRF:0
BRH:0
end_of_record
TN:
SF:src\services\ReservaService.ts
FN:8,(anonymous_0)
FN:31,(anonymous_1)
FN:51,(anonymous_2)
FN:71,(anonymous_3)
FNF:4
FNH:4
FNDA:8,(anonymous_0)
FNDA:2,(anonymous_1)
FNDA:3,(anonymous_2)
FNDA:5,(anonymous_3)
DA:1,2
DA:2,2
DA:3,2
DA:4,2
DA:6,2
DA:9,8
DA:10,1
DA:13,7
DA:14,7
DA:16,7
DA:17,1
DA:20,6
DA:21,6
DA:23,6
DA:24,1
DA:27,5
DA:28,5
DA:37,2
DA:48,2
DA:57,3
DA:58,3
DA:60,3
DA:68,3
DA:78,5
DA:79,5
DA:81,3
DA:82,3
DA:83,0
DA:86,3
DA:89,3
DA:90,1
DA:93,2
DA:96,2
DA:97,1
DA:100,1
DA:102,1
LF:36
LH:35
BRDA:9,0,0,1
BRDA:9,1,0,8
BRDA:9,1,1,8
BRDA:9,1,2,8
BRDA:9,1,3,7
BRDA:16,2,0,1
BRDA:16,3,0,7
BRDA:16,3,1,6
BRDA:16,3,2,6
BRDA:16,3,3,6
BRDA:23,4,0,1
BRDA:79,5,0,2
BRDA:82,6,0,0
BRDA:89,7,0,1
BRDA:96,8,0,1
BRF:15
BRH:14
end_of_record
